[debug] [2022-02-22T04:03:39.151Z] ----------------------------------------------------------------------
[debug] [2022-02-22T04:03:39.154Z] Command:       C:\Program Files\nodejs\node.exe C:\Users\userht\AppData\Roaming\npm\node_modules\firebase-tools\lib\bin\firebase.js login
[debug] [2022-02-22T04:03:39.154Z] CLI Version:   10.2.1
[debug] [2022-02-22T04:03:39.154Z] Platform:      win32
[debug] [2022-02-22T04:03:39.155Z] Node Version:  v14.16.0
[debug] [2022-02-22T04:03:39.156Z] Time:          Tue Feb 22 2022 09:33:39 GMT+0530 (India Standard Time)
[debug] [2022-02-22T04:03:39.156Z] ----------------------------------------------------------------------
[debug] 
[info] i  Firebase optionally collects CLI usage and error reporting information to help improve our products. Data is collected in accordance with Google's privacy policy (https://policies.google.com/privacy) and is not used to identify you.
 
[info] i  To change your data collection preference at any time, run `firebase logout` and log in again. 
[info] 
[info] Visit this URL on this device to log in:
[info] https://accounts.google.com/o/oauth2/auth?client_id=563584335869-fgrhgmd47bqnekij5i8b5pr03ho849e6.apps.googleusercontent.com&scope=email%20openid%20https%3A%2F%2Fwww.googleapis.com%2Fauth%2Fcloudplatformprojects.readonly%20https%3A%2F%2Fwww.googleapis.com%2Fauth%2Ffirebase%20https%3A%2F%2Fwww.googleapis.com%2Fauth%2Fcloud-platform&response_type=code&state=588462616&redirect_uri=http%3A%2F%2Flocalhost%3A9005
[info] 
[info] Waiting for authentication...
[debug] [2022-02-22T04:04:25.326Z] Error: spawn cmd ENOENT
    at Process.ChildProcess._handle.onexit (internal/child_process.js:269:19)
    at onErrorNT (internal/child_process.js:465:16)
    at processTicksAndRejections (internal/process/task_queues.js:80:21)
[error] 
[error] Error: An unexpected error has occurred.
[debug] [2022-02-22T04:04:31.583Z] ----------------------------------------------------------------------
[debug] [2022-02-22T04:04:31.586Z] Command:       C:\Program Files\nodejs\node.exe C:\Users\userht\AppData\Roaming\npm\node_modules\firebase-tools\lib\bin\firebase.js login
[debug] [2022-02-22T04:04:31.586Z] CLI Version:   10.2.1
[debug] [2022-02-22T04:04:31.586Z] Platform:      win32
[debug] [2022-02-22T04:04:31.586Z] Node Version:  v14.16.0
[debug] [2022-02-22T04:04:31.587Z] Time:          Tue Feb 22 2022 09:34:31 GMT+0530 (India Standard Time)
[debug] [2022-02-22T04:04:31.588Z] ----------------------------------------------------------------------
[debug] 
[info] i  Firebase optionally collects CLI usage and error reporting information to help improve our products. Data is collected in accordance with Google's privacy policy (https://policies.google.com/privacy) and is not used to identify you.
 
[info] i  To change your data collection preference at any time, run `firebase logout` and log in again. 
[info] 
[info] Visit this URL on this device to log in:
[info] https://accounts.google.com/o/oauth2/auth?client_id=563584335869-fgrhgmd47bqnekij5i8b5pr03ho849e6.apps.googleusercontent.com&scope=email%20openid%20https%3A%2F%2Fwww.googleapis.com%2Fauth%2Fcloudplatformprojects.readonly%20https%3A%2F%2Fwww.googleapis.com%2Fauth%2Ffirebase%20https%3A%2F%2Fwww.googleapis.com%2Fauth%2Fcloud-platform&response_type=code&state=74049181&redirect_uri=http%3A%2F%2Flocalhost%3A9005
[info] 
[info] Waiting for authentication...
[debug] [2022-02-22T04:04:35.621Z] Error: spawn cmd ENOENT
    at Process.ChildProcess._handle.onexit (internal/child_process.js:269:19)
    at onErrorNT (internal/child_process.js:465:16)
    at processTicksAndRejections (internal/process/task_queues.js:80:21)
[error] 
[error] Error: An unexpected error has occurred.
[debug] [2022-02-22T04:06:07.748Z] ----------------------------------------------------------------------
[debug] [2022-02-22T04:06:07.750Z] Command:       C:\Program Files\nodejs\node.exe C:\Users\userht\AppData\Roaming\npm\node_modules\firebase-tools\lib\bin\firebase.js login
[debug] [2022-02-22T04:06:07.751Z] CLI Version:   10.2.1
[debug] [2022-02-22T04:06:07.751Z] Platform:      win32
[debug] [2022-02-22T04:06:07.751Z] Node Version:  v14.16.0
[debug] [2022-02-22T04:06:07.752Z] Time:          Tue Feb 22 2022 09:36:07 GMT+0530 (India Standard Time)
[debug] [2022-02-22T04:06:07.752Z] ----------------------------------------------------------------------
[debug] 
[info] i  Firebase optionally collects CLI usage and error reporting information to help improve our products. Data is collected in accordance with Google's privacy policy (https://policies.google.com/privacy) and is not used to identify you.
 
[info] 
[info] Visit this URL on this device to log in:
[info] https://accounts.google.com/o/oauth2/auth?client_id=563584335869-fgrhgmd47bqnekij5i8b5pr03ho849e6.apps.googleusercontent.com&scope=email%20openid%20https%3A%2F%2Fwww.googleapis.com%2Fauth%2Fcloudplatformprojects.readonly%20https%3A%2F%2Fwww.googleapis.com%2Fauth%2Ffirebase%20https%3A%2F%2Fwww.googleapis.com%2Fauth%2Fcloud-platform&response_type=code&state=403171400&redirect_uri=http%3A%2F%2Flocalhost%3A9005
[info] 
[info] Waiting for authentication...
[debug] [2022-02-22T04:06:15.507Z] Error: spawn cmd ENOENT
    at Process.ChildProcess._handle.onexit (internal/child_process.js:269:19)
    at onErrorNT (internal/child_process.js:465:16)
    at processTicksAndRejections (internal/process/task_queues.js:80:21)
[error] 
[error] Error: An unexpected error has occurred.
